<?xml version="1.0" encoding="UTF-8"?>
<testsuite xmlns:xsi="http://www.w3.org/2001/XMLSchema-instance" xsi:noNamespaceSchemaLocation="https://maven.apache.org/surefire/maven-surefire-plugin/xsd/surefire-test-report.xsd" name="com.cs321.app.WorkflowTest" time="0" tests="13" errors="0" skipped="0" failures="8">
  <properties>
[...]
</properties>
  <testcase name="removeNextStepsFailTest" classname="com.cs321.app.WorkflowTest" time="0"/>
  <testcase name="multipleFormsInterweavedSavedQueueTest" classname="com.cs321.app.WorkflowTest" time="0">
    <failure type="java.lang.AssertionError">java.lang.AssertionError
	at com.cs321.app.WorkflowTest.multipleFormsInterweavedSavedQueueTest(WorkflowTest.java:175)
</failure>
  </testcase>
  <testcase name="multipleFormsInterweavedCompleteQueueTest" classname="com.cs321.app.WorkflowTest" time="0">
    <failure type="java.lang.AssertionError">java.lang.AssertionError
	at com.cs321.app.WorkflowTest.multipleFormsInterweavedCompleteQueueTest(WorkflowTest.java:84)
</failure>
  </testcase>
  <testcase name="multipleFormsCompleteQueueTest" classname="com.cs321.app.WorkflowTest" time="0">
    <failure type="java.lang.AssertionError">java.lang.AssertionError
	at com.cs321.app.WorkflowTest.multipleFormsCompleteQueueTest(WorkflowTest.java:57)
</failure>
  </testcase>
  <testcase name="singleFormCompleteQueueTest" classname="com.cs321.app.WorkflowTest" time="0">
    <failure type="java.lang.AssertionError">java.lang.AssertionError
	at com.cs321.app.WorkflowTest.singleFormCompleteQueueTest(WorkflowTest.java:30)
</failure>
  </testcase>
  <testcase name="multipleNextStepsTest" classname="com.cs321.app.WorkflowTest" time="0"/>
  <testcase name="noAvailableNextStepsMessageTest" classname="com.cs321.app.WorkflowTest" time="0"/>
  <testcase name="singleFormSavedQueueTest" classname="com.cs321.app.WorkflowTest" time="0">
    <failure type="java.lang.AssertionError">java.lang.AssertionError
	at com.cs321.app.WorkflowTest.singleFormSavedQueueTest(WorkflowTest.java:121)
</failure>
  </testcase>
  <testcase name="insertNextStepsFailTest" classname="com.cs321.app.WorkflowTest" time="0"/>
  <testcase name="emptySavedQueueTest" classname="com.cs321.app.WorkflowTest" time="0">
    <failure type="java.lang.AssertionError">java.lang.AssertionError
	at com.cs321.app.WorkflowTest.emptySavedQueueTest(WorkflowTest.java:201)
</failure>
  </testcase>
  <testcase name="multipleFormsSavedQueueTest" classname="com.cs321.app.WorkflowTest" time="0">
    <failure type="java.lang.AssertionError">java.lang.AssertionError
	at com.cs321.app.WorkflowTest.multipleFormsSavedQueueTest(WorkflowTest.java:148)
</failure>
  </testcase>
  <testcase name="singleNextStepsTest" classname="com.cs321.app.WorkflowTest" time="0"/>
  <testcase name="emptyCompleteQueueTest" classname="com.cs321.app.WorkflowTest" time="0">
    <failure type="java.lang.AssertionError">java.lang.AssertionError
	at com.cs321.app.WorkflowTest.emptyCompleteQueueTest(WorkflowTest.java:110)
</failure>
  </testcase>
</testsuite>